[debug] [2024-12-01T15:59:31.097Z] ----------------------------------------------------------------------
[debug] [2024-12-01T15:59:31.100Z] Command:       C:\Program Files\nodejs\node.exe C:\Program Files\nodejs\node_modules\firebase-tools\lib\bin\firebase.js init
[debug] [2024-12-01T15:59:31.101Z] CLI Version:   13.27.0
[debug] [2024-12-01T15:59:31.102Z] Platform:      win32
[debug] [2024-12-01T15:59:31.102Z] Node Version:  v18.20.5
[debug] [2024-12-01T15:59:31.103Z] Time:          Sun Dec 01 2024 21:29:31 GMT+0530 (India Standard Time)
[debug] [2024-12-01T15:59:31.103Z] ----------------------------------------------------------------------
[debug] 
[debug] [2024-12-01T15:59:31.227Z] > command requires scopes: ["email","openid","https://www.googleapis.com/auth/cloudplatformprojects.readonly","https://www.googleapis.com/auth/firebase","https://www.googleapis.com/auth/cloud-platform"]
[debug] [2024-12-01T15:59:31.228Z] > authorizing via signed-in user (junedkhorajiya5@gmail.com)
[info] 
     ######## #### ########  ######## ########     ###     ######  ########
     ##        ##  ##     ## ##       ##     ##  ##   ##  ##       ##
     ######    ##  ########  ######   ########  #########  ######  ######
     ##        ##  ##    ##  ##       ##     ## ##     ##       ## ##
     ##       #### ##     ## ######## ########  ##     ##  ######  ########

You're about to initialize a Firebase project in this directory:

  E:\Other Data\meeta-clinik

Before we get started, keep in mind:

  * You are initializing within an existing Firebase project directory

[info] 
=== Project Setup
[info] 
[info] First, let's associate this project directory with a Firebase project.
[info] You can create multiple project aliases by running firebase use --add, 
[info] but for now we'll just set up a default project.
[info] 
[debug] [2024-12-01T15:59:40.488Z] Using project from CLI flag: meera-clinic-8c111
[debug] [2024-12-01T15:59:40.490Z] Checked if tokens are valid: true, expires at: 1733071633599
[debug] [2024-12-01T15:59:40.491Z] Checked if tokens are valid: true, expires at: 1733071633599
[debug] [2024-12-01T15:59:40.494Z] >>> [apiv2][query] GET https://firebase.googleapis.com/v1beta1/projects/meera-clinic-8c111 [none]
[debug] [2024-12-01T15:59:41.344Z] <<< [apiv2][status] GET https://firebase.googleapis.com/v1beta1/projects/meera-clinic-8c111 200
[debug] [2024-12-01T15:59:41.344Z] <<< [apiv2][body] GET https://firebase.googleapis.com/v1beta1/projects/meera-clinic-8c111 {"projectId":"meera-clinic-8c111","projectNumber":"346077008328","displayName":"meera-clinic","name":"projects/meera-clinic-8c111","resources":{"hostingSite":"meera-clinic-8c111"},"state":"ACTIVE","etag":"1_1b0596d2-5917-41e6-b7b2-3f25ba772716"}
[info] i  Using project meera-clinic-8c111 (meera-clinic) 
[info] 
=== Hosting Setup
[debug] [2024-12-01T15:59:41.362Z] Checked if tokens are valid: true, expires at: 1733071633599
[debug] [2024-12-01T15:59:41.363Z] Checked if tokens are valid: true, expires at: 1733071633599
[debug] [2024-12-01T15:59:41.364Z] >>> [apiv2][query] GET https://firebase.googleapis.com/v1beta1/projects/meera-clinic-8c111 [none]
[debug] [2024-12-01T15:59:42.199Z] <<< [apiv2][status] GET https://firebase.googleapis.com/v1beta1/projects/meera-clinic-8c111 200
[debug] [2024-12-01T15:59:42.200Z] <<< [apiv2][body] GET https://firebase.googleapis.com/v1beta1/projects/meera-clinic-8c111 {"projectId":"meera-clinic-8c111","projectNumber":"346077008328","displayName":"meera-clinic","name":"projects/meera-clinic-8c111","resources":{"hostingSite":"meera-clinic-8c111"},"state":"ACTIVE","etag":"1_1b0596d2-5917-41e6-b7b2-3f25ba772716"}
[info] 
[info] Your public directory is the folder (relative to your project directory) that
[info] will contain Hosting assets to be uploaded with firebase deploy. If you
[info] have a build process for your assets, use your build's output directory.
[info] 
